
Attaching package: ‘lbfgs’

The following object is masked from ‘package:nloptr’:

    lbfgs

ld: warning: could not create compact unwind for ___emutls_get_address: registers 23 and 24 not saved contiguously in frame
ld: warning: could not create compact unwind for ___emutls_get_address: registers 23 and 24 not saved contiguously in frame
ld: warning: could not create compact unwind for ___emutls_get_address: registers 23 and 24 not saved contiguously in frame
ld: warning: could not create compact unwind for ___emutls_get_address: registers 23 and 24 not saved contiguously in frame
ld: warning: could not create compact unwind for ___emutls_get_address: registers 23 and 24 not saved contiguously in frame
ld: warning: could not create compact unwind for ___emutls_get_address: registers 23 and 24 not saved contiguously in frame
ld: warning: could not create compact unwind for ___emutls_get_address: registers 23 and 24 not saved contiguously in frame
ld: warning: could not create compact unwind for ___emutls_get_address: registers 23 and 24 not saved contiguously in frame
ld: warning: could not create compact unwind for ___emutls_get_address: registers 23 and 24 not saved contiguously in frame
ld: warning: could not create compact unwind for ___emutls_get_address: registers 23 and 24 not saved contiguously in frame
ld: warning: could not create compact unwind for ___emutls_get_address: registers 23 and 24 not saved contiguously in frame
ld: warning: could not create compact unwind for ___emutls_get_address: registers 23 and 24 not saved contiguously in frame
[[1]]
[[1]]$functions
[1] "llogit" "dlogit" "obj"    "grad"  

[[1]]$modules
character(0)

[[1]]$cppSourcePath
[1] "/Users/takeishi/power_d_10_lambda_1_rademacher/src/cppshrinkage.cpp"

[[1]]$buildDirectory
[1] "/private/var/folders/m7/l9g6yzm174vb9vhdp4m0t8040000gn/T/Rtmp5S9fR8/sourceCpp-aarch64-apple-darwin20-1.0.10/sourcecpp_7289171011d3"


[[2]]
[[2]]$functions
[1] "llogit" "dlogit" "obj"    "grad"  

[[2]]$modules
character(0)

[[2]]$cppSourcePath
[1] "/Users/takeishi/power_d_10_lambda_1_rademacher/src/cppshrinkage.cpp"

[[2]]$buildDirectory
[1] "/private/var/folders/m7/l9g6yzm174vb9vhdp4m0t8040000gn/T/RtmpX5pzDV/sourceCpp-aarch64-apple-darwin20-1.0.10/sourcecpp_728744f95c69"


[[3]]
[[3]]$functions
[1] "llogit" "dlogit" "obj"    "grad"  

[[3]]$modules
character(0)

[[3]]$cppSourcePath
[1] "/Users/takeishi/power_d_10_lambda_1_rademacher/src/cppshrinkage.cpp"

[[3]]$buildDirectory
[1] "/private/var/folders/m7/l9g6yzm174vb9vhdp4m0t8040000gn/T/RtmptYuyKX/sourceCpp-aarch64-apple-darwin20-1.0.10/sourcecpp_728c3cb08253"


[[4]]
[[4]]$functions
[1] "llogit" "dlogit" "obj"    "grad"  

[[4]]$modules
character(0)

[[4]]$cppSourcePath
[1] "/Users/takeishi/power_d_10_lambda_1_rademacher/src/cppshrinkage.cpp"

[[4]]$buildDirectory
[1] "/private/var/folders/m7/l9g6yzm174vb9vhdp4m0t8040000gn/T/RtmpDX4uur/sourceCpp-aarch64-apple-darwin20-1.0.10/sourcecpp_728db3a0467"


[[5]]
[[5]]$functions
[1] "llogit" "dlogit" "obj"    "grad"  

[[5]]$modules
character(0)

[[5]]$cppSourcePath
[1] "/Users/takeishi/power_d_10_lambda_1_rademacher/src/cppshrinkage.cpp"

[[5]]$buildDirectory
[1] "/private/var/folders/m7/l9g6yzm174vb9vhdp4m0t8040000gn/T/RtmpzU5OVU/sourceCpp-aarch64-apple-darwin20-1.0.10/sourcecpp_728862b3940a"


[[6]]
[[6]]$functions
[1] "llogit" "dlogit" "obj"    "grad"  

[[6]]$modules
character(0)

[[6]]$cppSourcePath
[1] "/Users/takeishi/power_d_10_lambda_1_rademacher/src/cppshrinkage.cpp"

[[6]]$buildDirectory
[1] "/private/var/folders/m7/l9g6yzm174vb9vhdp4m0t8040000gn/T/RtmpAtCJKT/sourceCpp-aarch64-apple-darwin20-1.0.10/sourcecpp_728e63aeb50d"


[[7]]
[[7]]$functions
[1] "llogit" "dlogit" "obj"    "grad"  

[[7]]$modules
character(0)

[[7]]$cppSourcePath
[1] "/Users/takeishi/power_d_10_lambda_1_rademacher/src/cppshrinkage.cpp"

[[7]]$buildDirectory
[1] "/private/var/folders/m7/l9g6yzm174vb9vhdp4m0t8040000gn/T/RtmpFx0sju/sourceCpp-aarch64-apple-darwin20-1.0.10/sourcecpp_728a6fff1696"


[[8]]
[[8]]$functions
[1] "llogit" "dlogit" "obj"    "grad"  

[[8]]$modules
character(0)

[[8]]$cppSourcePath
[1] "/Users/takeishi/power_d_10_lambda_1_rademacher/src/cppshrinkage.cpp"

[[8]]$buildDirectory
[1] "/private/var/folders/m7/l9g6yzm174vb9vhdp4m0t8040000gn/T/RtmpE1oD7P/sourceCpp-aarch64-apple-darwin20-1.0.10/sourcecpp_728f34407d56"


[[9]]
[[9]]$functions
[1] "llogit" "dlogit" "obj"    "grad"  

[[9]]$modules
character(0)

[[9]]$cppSourcePath
[1] "/Users/takeishi/power_d_10_lambda_1_rademacher/src/cppshrinkage.cpp"

[[9]]$buildDirectory
[1] "/private/var/folders/m7/l9g6yzm174vb9vhdp4m0t8040000gn/T/RtmpHNZh3R/sourceCpp-aarch64-apple-darwin20-1.0.10/sourcecpp_72914db396e2"


[[10]]
[[10]]$functions
[1] "llogit" "dlogit" "obj"    "grad"  

[[10]]$modules
character(0)

[[10]]$cppSourcePath
[1] "/Users/takeishi/power_d_10_lambda_1_rademacher/src/cppshrinkage.cpp"

[[10]]$buildDirectory
[1] "/private/var/folders/m7/l9g6yzm174vb9vhdp4m0t8040000gn/T/Rtmpr4rFZ0/sourceCpp-aarch64-apple-darwin20-1.0.10/sourcecpp_728b120130a0"


[[11]]
[[11]]$functions
[1] "llogit" "dlogit" "obj"    "grad"  

[[11]]$modules
character(0)

[[11]]$cppSourcePath
[1] "/Users/takeishi/power_d_10_lambda_1_rademacher/src/cppshrinkage.cpp"

[[11]]$buildDirectory
[1] "/private/var/folders/m7/l9g6yzm174vb9vhdp4m0t8040000gn/T/Rtmpi9IV1E/sourceCpp-aarch64-apple-darwin20-1.0.10/sourcecpp_729065930f9f"


     power equal power SLR adj. power equal adj. power SLR
100       0.2046    0.2104           0.1922          0.196
250       0.0000    0.0000           0.0000          0.000
500       0.0000    0.0000           0.0000          0.000
750       0.0000    0.0000           0.0000          0.000
1000      0.0000    0.0000           0.0000          0.000
     power equal power SLR adj. power equal adj. power SLR
100       0.2046    0.2104           0.1922         0.1960
250       0.3396    0.3926           0.3242         0.3698
500       0.0000    0.0000           0.0000         0.0000
750       0.0000    0.0000           0.0000         0.0000
1000      0.0000    0.0000           0.0000         0.0000
     power equal power SLR adj. power equal adj. power SLR
100       0.2046    0.2104           0.1922         0.1960
250       0.3396    0.3926           0.3242         0.3698
500       0.5290    0.6576           0.5290         0.6548
750       0.0000    0.0000           0.0000         0.0000
1000      0.0000    0.0000           0.0000         0.0000
     power equal power SLR adj. power equal adj. power SLR
100       0.2046    0.2104           0.1922         0.1960
250       0.3396    0.3926           0.3242         0.3698
500       0.5290    0.6576           0.5290         0.6548
750       0.6710    0.8396           0.6614         0.8354
1000      0.0000    0.0000           0.0000         0.0000
     power equal power SLR adj. power equal adj. power SLR
100       0.2046    0.2104           0.1922         0.1960
250       0.3396    0.3926           0.3242         0.3698
500       0.5290    0.6576           0.5290         0.6548
750       0.6710    0.8396           0.6614         0.8354
1000      0.7774    0.9232           0.7864         0.9234
     power equal power SLR adj. power equal adj. power SLR
100       0.2046    0.2104           0.1922         0.1960
250       0.3396    0.3926           0.3242         0.3698
500       0.5290    0.6576           0.5290         0.6548
750       0.6710    0.8396           0.6614         0.8354
1000      0.7774    0.9232           0.7864         0.9234
> proc.time()
    user   system  elapsed 
  25.109    7.620 3712.180 
