
Attaching package: ‘lbfgs’

The following object is masked from ‘package:nloptr’:

    lbfgs

ld: warning: could not create compact unwind for ___emutls_get_address: registers 23 and 24 not saved contiguously in frame
ld: warning: could not create compact unwind for ___emutls_get_address: registers 23 and 24 not saved contiguously in frame
ld: warning: could not create compact unwind for ___emutls_get_address: registers 23 and 24 not saved contiguously in frame
ld: warning: could not create compact unwind for ___emutls_get_address: registers 23 and 24 not saved contiguously in frame
ld: warning: could not create compact unwind for ___emutls_get_address: registers 23 and 24 not saved contiguously in frame
ld: warning: could not create compact unwind for ___emutls_get_address: registers 23 and 24 not saved contiguously in frame
ld: warning: could not create compact unwind for ___emutls_get_address: registers 23 and 24 not saved contiguously in frame
ld: warning: could not create compact unwind for ___emutls_get_address: registers 23 and 24 not saved contiguously in frame
ld: warning: could not create compact unwind for ___emutls_get_address: registers 23 and 24 not saved contiguously in frame
ld: warning: could not create compact unwind for ___emutls_get_address: registers 23 and 24 not saved contiguously in frame
ld: warning: could not create compact unwind for ___emutls_get_address: registers 23 and 24 not saved contiguously in frame
ld: warning: could not create compact unwind for ___emutls_get_address: registers 23 and 24 not saved contiguously in frame
[[1]]
[[1]]$functions
[1] "llogit" "dlogit" "obj"    "grad"  

[[1]]$modules
character(0)

[[1]]$cppSourcePath
[1] "/Users/takeishi/level_d_100_rademacher/src/cppshrinkage.cpp"

[[1]]$buildDirectory
[1] "/private/var/folders/m7/l9g6yzm174vb9vhdp4m0t8040000gn/T/Rtmp16XUI5/sourceCpp-aarch64-apple-darwin20-1.0.10/sourcecpp_1244867d6d99e"


[[2]]
[[2]]$functions
[1] "llogit" "dlogit" "obj"    "grad"  

[[2]]$modules
character(0)

[[2]]$cppSourcePath
[1] "/Users/takeishi/level_d_100_rademacher/src/cppshrinkage.cpp"

[[2]]$buildDirectory
[1] "/private/var/folders/m7/l9g6yzm174vb9vhdp4m0t8040000gn/T/RtmpHeqXE7/sourceCpp-aarch64-apple-darwin20-1.0.10/sourcecpp_124457df298aa"


[[3]]
[[3]]$functions
[1] "llogit" "dlogit" "obj"    "grad"  

[[3]]$modules
character(0)

[[3]]$cppSourcePath
[1] "/Users/takeishi/level_d_100_rademacher/src/cppshrinkage.cpp"

[[3]]$buildDirectory
[1] "/private/var/folders/m7/l9g6yzm174vb9vhdp4m0t8040000gn/T/RtmpAkoeXR/sourceCpp-aarch64-apple-darwin20-1.0.10/sourcecpp_1244a49bed9ed"


[[4]]
[[4]]$functions
[1] "llogit" "dlogit" "obj"    "grad"  

[[4]]$modules
character(0)

[[4]]$cppSourcePath
[1] "/Users/takeishi/level_d_100_rademacher/src/cppshrinkage.cpp"

[[4]]$buildDirectory
[1] "/private/var/folders/m7/l9g6yzm174vb9vhdp4m0t8040000gn/T/Rtmpk5Trt0/sourceCpp-aarch64-apple-darwin20-1.0.10/sourcecpp_124437f287169"


[[5]]
[[5]]$functions
[1] "llogit" "dlogit" "obj"    "grad"  

[[5]]$modules
character(0)

[[5]]$cppSourcePath
[1] "/Users/takeishi/level_d_100_rademacher/src/cppshrinkage.cpp"

[[5]]$buildDirectory
[1] "/private/var/folders/m7/l9g6yzm174vb9vhdp4m0t8040000gn/T/RtmpN0GPSJ/sourceCpp-aarch64-apple-darwin20-1.0.10/sourcecpp_1244662b7a51b"


[[6]]
[[6]]$functions
[1] "llogit" "dlogit" "obj"    "grad"  

[[6]]$modules
character(0)

[[6]]$cppSourcePath
[1] "/Users/takeishi/level_d_100_rademacher/src/cppshrinkage.cpp"

[[6]]$buildDirectory
[1] "/private/var/folders/m7/l9g6yzm174vb9vhdp4m0t8040000gn/T/RtmpRPNx2d/sourceCpp-aarch64-apple-darwin20-1.0.10/sourcecpp_1244b6385f23f"


[[7]]
[[7]]$functions
[1] "llogit" "dlogit" "obj"    "grad"  

[[7]]$modules
character(0)

[[7]]$cppSourcePath
[1] "/Users/takeishi/level_d_100_rademacher/src/cppshrinkage.cpp"

[[7]]$buildDirectory
[1] "/private/var/folders/m7/l9g6yzm174vb9vhdp4m0t8040000gn/T/RtmpFMS9g5/sourceCpp-aarch64-apple-darwin20-1.0.10/sourcecpp_1244d6e53d61a"


[[8]]
[[8]]$functions
[1] "llogit" "dlogit" "obj"    "grad"  

[[8]]$modules
character(0)

[[8]]$cppSourcePath
[1] "/Users/takeishi/level_d_100_rademacher/src/cppshrinkage.cpp"

[[8]]$buildDirectory
[1] "/private/var/folders/m7/l9g6yzm174vb9vhdp4m0t8040000gn/T/RtmpzvtN6Q/sourceCpp-aarch64-apple-darwin20-1.0.10/sourcecpp_1244778d9ee2d"


[[9]]
[[9]]$functions
[1] "llogit" "dlogit" "obj"    "grad"  

[[9]]$modules
character(0)

[[9]]$cppSourcePath
[1] "/Users/takeishi/level_d_100_rademacher/src/cppshrinkage.cpp"

[[9]]$buildDirectory
[1] "/private/var/folders/m7/l9g6yzm174vb9vhdp4m0t8040000gn/T/Rtmp89X8Zk/sourceCpp-aarch64-apple-darwin20-1.0.10/sourcecpp_1244452173782"


[[10]]
[[10]]$functions
[1] "llogit" "dlogit" "obj"    "grad"  

[[10]]$modules
character(0)

[[10]]$cppSourcePath
[1] "/Users/takeishi/level_d_100_rademacher/src/cppshrinkage.cpp"

[[10]]$buildDirectory
[1] "/private/var/folders/m7/l9g6yzm174vb9vhdp4m0t8040000gn/T/RtmpXOuVzW/sourceCpp-aarch64-apple-darwin20-1.0.10/sourcecpp_12449709d4715"


[[11]]
[[11]]$functions
[1] "llogit" "dlogit" "obj"    "grad"  

[[11]]$modules
character(0)

[[11]]$cppSourcePath
[1] "/Users/takeishi/level_d_100_rademacher/src/cppshrinkage.cpp"

[[11]]$buildDirectory
[1] "/private/var/folders/m7/l9g6yzm174vb9vhdp4m0t8040000gn/T/RtmpURcltH/sourceCpp-aarch64-apple-darwin20-1.0.10/sourcecpp_1244c552607a6"


[1] 1
[1] 2
[1] 3
[1] 4
     rfreq equal rfreq SLR adj. 95 equal adj. 95 SLR
250       0.0576    0.0660      2.930158    3.469483
500       0.0514    0.0582      2.746448    3.033947
750       0.0526    0.0590      2.797501    3.024151
1000      0.0542    0.0552      2.805584    2.839889
> proc.time()
     user    system   elapsed 
  125.811    70.260 22538.154 
