
Attaching package: ‘lbfgs’

The following object is masked from ‘package:nloptr’:

    lbfgs

ld: warning: could not create compact unwind for ___emutls_get_address: registers 23 and 24 not saved contiguously in frame
ld: warning: could not create compact unwind for ___emutls_get_address: registers 23 and 24 not saved contiguously in frame
ld: warning: could not create compact unwind for ___emutls_get_address: registers 23 and 24 not saved contiguously in frame
ld: warning: could not create compact unwind for ___emutls_get_address: registers 23 and 24 not saved contiguously in frame
ld: warning: could not create compact unwind for ___emutls_get_address: registers 23 and 24 not saved contiguously in frame
ld: warning: could not create compact unwind for ___emutls_get_address: registers 23 and 24 not saved contiguously in frame
ld: warning: could not create compact unwind for ___emutls_get_address: registers 23 and 24 not saved contiguously in frame
ld: warning: could not create compact unwind for ___emutls_get_address: registers 23 and 24 not saved contiguously in frame
ld: warning: could not create compact unwind for ___emutls_get_address: registers 23 and 24 not saved contiguously in frame
ld: warning: could not create compact unwind for ___emutls_get_address: registers 23 and 24 not saved contiguously in frame
ld: warning: could not create compact unwind for ___emutls_get_address: registers 23 and 24 not saved contiguously in frame
ld: warning: could not create compact unwind for ___emutls_get_address: registers 23 and 24 not saved contiguously in frame
[[1]]
[[1]]$functions
[1] "llogit" "dlogit" "obj"    "grad"  

[[1]]$modules
character(0)

[[1]]$cppSourcePath
[1] "/Users/takeishi/power_d_50_lambda_1_rademacher/src/cppshrinkage.cpp"

[[1]]$buildDirectory
[1] "/private/var/folders/m7/l9g6yzm174vb9vhdp4m0t8040000gn/T/RtmpAyZDlt/sourceCpp-aarch64-apple-darwin20-1.0.10/sourcecpp_7b707cc47e1b"


[[2]]
[[2]]$functions
[1] "llogit" "dlogit" "obj"    "grad"  

[[2]]$modules
character(0)

[[2]]$cppSourcePath
[1] "/Users/takeishi/power_d_50_lambda_1_rademacher/src/cppshrinkage.cpp"

[[2]]$buildDirectory
[1] "/private/var/folders/m7/l9g6yzm174vb9vhdp4m0t8040000gn/T/RtmpcBAAGK/sourceCpp-aarch64-apple-darwin20-1.0.10/sourcecpp_7b6d7682395b"


[[3]]
[[3]]$functions
[1] "llogit" "dlogit" "obj"    "grad"  

[[3]]$modules
character(0)

[[3]]$cppSourcePath
[1] "/Users/takeishi/power_d_50_lambda_1_rademacher/src/cppshrinkage.cpp"

[[3]]$buildDirectory
[1] "/private/var/folders/m7/l9g6yzm174vb9vhdp4m0t8040000gn/T/RtmpZOcmo1/sourceCpp-aarch64-apple-darwin20-1.0.10/sourcecpp_7b6c6551759e"


[[4]]
[[4]]$functions
[1] "llogit" "dlogit" "obj"    "grad"  

[[4]]$modules
character(0)

[[4]]$cppSourcePath
[1] "/Users/takeishi/power_d_50_lambda_1_rademacher/src/cppshrinkage.cpp"

[[4]]$buildDirectory
[1] "/private/var/folders/m7/l9g6yzm174vb9vhdp4m0t8040000gn/T/RtmpApEwwF/sourceCpp-aarch64-apple-darwin20-1.0.10/sourcecpp_7b6a30a29e71"


[[5]]
[[5]]$functions
[1] "llogit" "dlogit" "obj"    "grad"  

[[5]]$modules
character(0)

[[5]]$cppSourcePath
[1] "/Users/takeishi/power_d_50_lambda_1_rademacher/src/cppshrinkage.cpp"

[[5]]$buildDirectory
[1] "/private/var/folders/m7/l9g6yzm174vb9vhdp4m0t8040000gn/T/Rtmp6LwYkd/sourceCpp-aarch64-apple-darwin20-1.0.10/sourcecpp_7b746647b7bb"


[[6]]
[[6]]$functions
[1] "llogit" "dlogit" "obj"    "grad"  

[[6]]$modules
character(0)

[[6]]$cppSourcePath
[1] "/Users/takeishi/power_d_50_lambda_1_rademacher/src/cppshrinkage.cpp"

[[6]]$buildDirectory
[1] "/private/var/folders/m7/l9g6yzm174vb9vhdp4m0t8040000gn/T/RtmpibU4kI/sourceCpp-aarch64-apple-darwin20-1.0.10/sourcecpp_7b6b523df6f1"


[[7]]
[[7]]$functions
[1] "llogit" "dlogit" "obj"    "grad"  

[[7]]$modules
character(0)

[[7]]$cppSourcePath
[1] "/Users/takeishi/power_d_50_lambda_1_rademacher/src/cppshrinkage.cpp"

[[7]]$buildDirectory
[1] "/private/var/folders/m7/l9g6yzm174vb9vhdp4m0t8040000gn/T/RtmpDwLlnQ/sourceCpp-aarch64-apple-darwin20-1.0.10/sourcecpp_7b6f2e465f35"


[[8]]
[[8]]$functions
[1] "llogit" "dlogit" "obj"    "grad"  

[[8]]$modules
character(0)

[[8]]$cppSourcePath
[1] "/Users/takeishi/power_d_50_lambda_1_rademacher/src/cppshrinkage.cpp"

[[8]]$buildDirectory
[1] "/private/var/folders/m7/l9g6yzm174vb9vhdp4m0t8040000gn/T/RtmpkNusCv/sourceCpp-aarch64-apple-darwin20-1.0.10/sourcecpp_7b6e6b500ee8"


[[9]]
[[9]]$functions
[1] "llogit" "dlogit" "obj"    "grad"  

[[9]]$modules
character(0)

[[9]]$cppSourcePath
[1] "/Users/takeishi/power_d_50_lambda_1_rademacher/src/cppshrinkage.cpp"

[[9]]$buildDirectory
[1] "/private/var/folders/m7/l9g6yzm174vb9vhdp4m0t8040000gn/T/Rtmpg13zsu/sourceCpp-aarch64-apple-darwin20-1.0.10/sourcecpp_7b73611ab098"


[[10]]
[[10]]$functions
[1] "llogit" "dlogit" "obj"    "grad"  

[[10]]$modules
character(0)

[[10]]$cppSourcePath
[1] "/Users/takeishi/power_d_50_lambda_1_rademacher/src/cppshrinkage.cpp"

[[10]]$buildDirectory
[1] "/private/var/folders/m7/l9g6yzm174vb9vhdp4m0t8040000gn/T/RtmpSGpafP/sourceCpp-aarch64-apple-darwin20-1.0.10/sourcecpp_7b725f3f49c0"


[[11]]
[[11]]$functions
[1] "llogit" "dlogit" "obj"    "grad"  

[[11]]$modules
character(0)

[[11]]$cppSourcePath
[1] "/Users/takeishi/power_d_50_lambda_1_rademacher/src/cppshrinkage.cpp"

[[11]]$buildDirectory
[1] "/private/var/folders/m7/l9g6yzm174vb9vhdp4m0t8040000gn/T/RtmpZaDZNj/sourceCpp-aarch64-apple-darwin20-1.0.10/sourcecpp_7b715259b32d"


     power equal power SLR adj. power equal adj. power SLR
100       0.0000     0.000           0.0000            0.0
250       0.0000     0.000           0.0000            0.0
500       0.5628     0.623           0.5422            0.6
750       0.0000     0.000           0.0000            0.0
1000      0.0000     0.000           0.0000            0.0
     power equal power SLR adj. power equal adj. power SLR
100       0.0000     0.000           0.0000          0.000
250       0.0000     0.000           0.0000          0.000
500       0.5628     0.623           0.5422          0.600
750       0.7028     0.757           0.6958          0.746
1000      0.0000     0.000           0.0000          0.000
     power equal power SLR adj. power equal adj. power SLR
100       0.0000    0.0000           0.0000         0.0000
250       0.0000    0.0000           0.0000         0.0000
500       0.5628    0.6230           0.5422         0.6000
750       0.7028    0.7570           0.6958         0.7460
1000      0.8040    0.8446           0.8024         0.8428
     power equal power SLR adj. power equal adj. power SLR
100       0.0000    0.0000           0.0000         0.0000
250       0.0000    0.0000           0.0000         0.0000
500       0.5628    0.6230           0.5422         0.6000
750       0.7028    0.7570           0.6958         0.7460
1000      0.8040    0.8446           0.8024         0.8428
> proc.time()
    user   system  elapsed 
  62.366   26.798 6734.618 
