
Attaching package: ‘lbfgs’

The following object is masked from ‘package:nloptr’:

    lbfgs

ld: warning: could not create compact unwind for ___emutls_get_address: registers 23 and 24 not saved contiguously in frame
ld: warning: could not create compact unwind for ___emutls_get_address: registers 23 and 24 not saved contiguously in frame
ld: warning: could not create compact unwind for ___emutls_get_address: registers 23 and 24 not saved contiguously in frame
ld: warning: could not create compact unwind for ___emutls_get_address: registers 23 and 24 not saved contiguously in frame
ld: warning: could not create compact unwind for ___emutls_get_address: registers 23 and 24 not saved contiguously in frame
ld: warning: could not create compact unwind for ___emutls_get_address: registers 23 and 24 not saved contiguously in frame
ld: warning: could not create compact unwind for ___emutls_get_address: registers 23 and 24 not saved contiguously in frame
ld: warning: could not create compact unwind for ___emutls_get_address: registers 23 and 24 not saved contiguously in frame
ld: warning: could not create compact unwind for ___emutls_get_address: registers 23 and 24 not saved contiguously in frame
ld: warning: could not create compact unwind for ___emutls_get_address: registers 23 and 24 not saved contiguously in frame
ld: warning: could not create compact unwind for ___emutls_get_address: registers 23 and 24 not saved contiguously in frame
ld: warning: could not create compact unwind for ___emutls_get_address: registers 23 and 24 not saved contiguously in frame
[[1]]
[[1]]$functions
[1] "llogit" "dlogit" "obj"    "grad"  

[[1]]$modules
character(0)

[[1]]$cppSourcePath
[1] "/Users/takeishi/power_d_50_lambda_1_rademacher/src/cppshrinkage.cpp"

[[1]]$buildDirectory
[1] "/private/var/folders/m7/l9g6yzm174vb9vhdp4m0t8040000gn/T/Rtmp8RNtIU/sourceCpp-aarch64-apple-darwin20-1.0.10/sourcecpp_7694645bccc7"


[[2]]
[[2]]$functions
[1] "llogit" "dlogit" "obj"    "grad"  

[[2]]$modules
character(0)

[[2]]$cppSourcePath
[1] "/Users/takeishi/power_d_50_lambda_1_rademacher/src/cppshrinkage.cpp"

[[2]]$buildDirectory
[1] "/private/var/folders/m7/l9g6yzm174vb9vhdp4m0t8040000gn/T/RtmpUFpCA5/sourceCpp-aarch64-apple-darwin20-1.0.10/sourcecpp_769d20b6f4e9"


[[3]]
[[3]]$functions
[1] "llogit" "dlogit" "obj"    "grad"  

[[3]]$modules
character(0)

[[3]]$cppSourcePath
[1] "/Users/takeishi/power_d_50_lambda_1_rademacher/src/cppshrinkage.cpp"

[[3]]$buildDirectory
[1] "/private/var/folders/m7/l9g6yzm174vb9vhdp4m0t8040000gn/T/RtmpLX3qD7/sourceCpp-aarch64-apple-darwin20-1.0.10/sourcecpp_769c6c83362b"


[[4]]
[[4]]$functions
[1] "llogit" "dlogit" "obj"    "grad"  

[[4]]$modules
character(0)

[[4]]$cppSourcePath
[1] "/Users/takeishi/power_d_50_lambda_1_rademacher/src/cppshrinkage.cpp"

[[4]]$buildDirectory
[1] "/private/var/folders/m7/l9g6yzm174vb9vhdp4m0t8040000gn/T/RtmphFUVt8/sourceCpp-aarch64-apple-darwin20-1.0.10/sourcecpp_76996acbbaf6"


[[5]]
[[5]]$functions
[1] "llogit" "dlogit" "obj"    "grad"  

[[5]]$modules
character(0)

[[5]]$cppSourcePath
[1] "/Users/takeishi/power_d_50_lambda_1_rademacher/src/cppshrinkage.cpp"

[[5]]$buildDirectory
[1] "/private/var/folders/m7/l9g6yzm174vb9vhdp4m0t8040000gn/T/Rtmp7fqz2r/sourceCpp-aarch64-apple-darwin20-1.0.10/sourcecpp_769829516411"


[[6]]
[[6]]$functions
[1] "llogit" "dlogit" "obj"    "grad"  

[[6]]$modules
character(0)

[[6]]$cppSourcePath
[1] "/Users/takeishi/power_d_50_lambda_1_rademacher/src/cppshrinkage.cpp"

[[6]]$buildDirectory
[1] "/private/var/folders/m7/l9g6yzm174vb9vhdp4m0t8040000gn/T/Rtmp7SPqT4/sourceCpp-aarch64-apple-darwin20-1.0.10/sourcecpp_7693f88a09f"


[[7]]
[[7]]$functions
[1] "llogit" "dlogit" "obj"    "grad"  

[[7]]$modules
character(0)

[[7]]$cppSourcePath
[1] "/Users/takeishi/power_d_50_lambda_1_rademacher/src/cppshrinkage.cpp"

[[7]]$buildDirectory
[1] "/private/var/folders/m7/l9g6yzm174vb9vhdp4m0t8040000gn/T/Rtmptz680x/sourceCpp-aarch64-apple-darwin20-1.0.10/sourcecpp_769652be930b"


[[8]]
[[8]]$functions
[1] "llogit" "dlogit" "obj"    "grad"  

[[8]]$modules
character(0)

[[8]]$cppSourcePath
[1] "/Users/takeishi/power_d_50_lambda_1_rademacher/src/cppshrinkage.cpp"

[[8]]$buildDirectory
[1] "/private/var/folders/m7/l9g6yzm174vb9vhdp4m0t8040000gn/T/RtmpM5L8J0/sourceCpp-aarch64-apple-darwin20-1.0.10/sourcecpp_769b51849fb9"


[[9]]
[[9]]$functions
[1] "llogit" "dlogit" "obj"    "grad"  

[[9]]$modules
character(0)

[[9]]$cppSourcePath
[1] "/Users/takeishi/power_d_50_lambda_1_rademacher/src/cppshrinkage.cpp"

[[9]]$buildDirectory
[1] "/private/var/folders/m7/l9g6yzm174vb9vhdp4m0t8040000gn/T/RtmpVVeoLn/sourceCpp-aarch64-apple-darwin20-1.0.10/sourcecpp_769a12ed0f2b"


[[10]]
[[10]]$functions
[1] "llogit" "dlogit" "obj"    "grad"  

[[10]]$modules
character(0)

[[10]]$cppSourcePath
[1] "/Users/takeishi/power_d_50_lambda_1_rademacher/src/cppshrinkage.cpp"

[[10]]$buildDirectory
[1] "/private/var/folders/m7/l9g6yzm174vb9vhdp4m0t8040000gn/T/Rtmplb5dCj/sourceCpp-aarch64-apple-darwin20-1.0.10/sourcecpp_769544ab4d61"


[[11]]
[[11]]$functions
[1] "llogit" "dlogit" "obj"    "grad"  

[[11]]$modules
character(0)

[[11]]$cppSourcePath
[1] "/Users/takeishi/power_d_50_lambda_1_rademacher/src/cppshrinkage.cpp"

[[11]]$buildDirectory
[1] "/private/var/folders/m7/l9g6yzm174vb9vhdp4m0t8040000gn/T/RtmpQ7urF7/sourceCpp-aarch64-apple-darwin20-1.0.10/sourcecpp_7697ac80f7b"


     power equal power SLR adj. power equal adj. power SLR
100        0.204    0.2116           0.1808         0.1846
250        0.000    0.0000           0.0000         0.0000
500        0.000    0.0000           0.0000         0.0000
750        0.000    0.0000           0.0000         0.0000
1000       0.000    0.0000           0.0000         0.0000
     power equal power SLR adj. power equal adj. power SLR
100       0.2040    0.2116           0.1808         0.1846
250       0.3536    0.3926           0.3154         0.3470
500       0.0000    0.0000           0.0000         0.0000
750       0.0000    0.0000           0.0000         0.0000
1000      0.0000    0.0000           0.0000         0.0000
Error in unserialize(node$con) : error reading from connection
Calls: parSapply ... FUN -> recvData -> recvData.SOCKnode -> unserialize
Execution halted
