
Attaching package: ‘lbfgs’

The following object is masked from ‘package:nloptr’:

    lbfgs

Loading required package: stats4

Attaching package: ‘sn’

The following object is masked from ‘package:stats’:

    sd

ld: warning: could not create compact unwind for ___emutls_get_address: registers 23 and 24 not saved contiguously in frame
ld: warning: could not create compact unwind for ___emutls_get_address: registers 23 and 24 not saved contiguously in frame
ld: warning: could not create compact unwind for ___emutls_get_address: registers 23 and 24 not saved contiguously in frame
ld: warning: could not create compact unwind for ___emutls_get_address: registers 23 and 24 not saved contiguously in frame
ld: warning: could not create compact unwind for ___emutls_get_address: registers 23 and 24 not saved contiguously in frame
ld: warning: could not create compact unwind for ___emutls_get_address: registers 23 and 24 not saved contiguously in frame
ld: warning: could not create compact unwind for ___emutls_get_address: registers 23 and 24 not saved contiguously in frame
ld: warning: could not create compact unwind for ___emutls_get_address: registers 23 and 24 not saved contiguously in frame
ld: warning: could not create compact unwind for ___emutls_get_address: registers 23 and 24 not saved contiguously in frame
ld: warning: could not create compact unwind for ___emutls_get_address: registers 23 and 24 not saved contiguously in frame
ld: warning: could not create compact unwind for ___emutls_get_address: registers 23 and 24 not saved contiguously in frame
ld: warning: could not create compact unwind for ___emutls_get_address: registers 23 and 24 not saved contiguously in frame
[[1]]
[[1]]$functions
[1] "llogit" "dlogit" "obj"    "grad"  

[[1]]$modules
character(0)

[[1]]$cppSourcePath
[1] "/Users/takeishi/power_d_100_lambda_1_skew/src/cppshrinkage.cpp"

[[1]]$buildDirectory
[1] "/private/var/folders/m7/l9g6yzm174vb9vhdp4m0t8040000gn/T/RtmpTQ1YM3/sourceCpp-aarch64-apple-darwin20-1.0.10/sourcecpp_1078f7e8ef283"


[[2]]
[[2]]$functions
[1] "llogit" "dlogit" "obj"    "grad"  

[[2]]$modules
character(0)

[[2]]$cppSourcePath
[1] "/Users/takeishi/power_d_100_lambda_1_skew/src/cppshrinkage.cpp"

[[2]]$buildDirectory
[1] "/private/var/folders/m7/l9g6yzm174vb9vhdp4m0t8040000gn/T/Rtmp2B51uw/sourceCpp-aarch64-apple-darwin20-1.0.10/sourcecpp_107902d32f7aa"


[[3]]
[[3]]$functions
[1] "llogit" "dlogit" "obj"    "grad"  

[[3]]$modules
character(0)

[[3]]$cppSourcePath
[1] "/Users/takeishi/power_d_100_lambda_1_skew/src/cppshrinkage.cpp"

[[3]]$buildDirectory
[1] "/private/var/folders/m7/l9g6yzm174vb9vhdp4m0t8040000gn/T/RtmpsNR30V/sourceCpp-aarch64-apple-darwin20-1.0.10/sourcecpp_107911d53c329"


[[4]]
[[4]]$functions
[1] "llogit" "dlogit" "obj"    "grad"  

[[4]]$modules
character(0)

[[4]]$cppSourcePath
[1] "/Users/takeishi/power_d_100_lambda_1_skew/src/cppshrinkage.cpp"

[[4]]$buildDirectory
[1] "/private/var/folders/m7/l9g6yzm174vb9vhdp4m0t8040000gn/T/Rtmpn35Ldl/sourceCpp-aarch64-apple-darwin20-1.0.10/sourcecpp_1078e415c7e06"


[[5]]
[[5]]$functions
[1] "llogit" "dlogit" "obj"    "grad"  

[[5]]$modules
character(0)

[[5]]$cppSourcePath
[1] "/Users/takeishi/power_d_100_lambda_1_skew/src/cppshrinkage.cpp"

[[5]]$buildDirectory
[1] "/private/var/folders/m7/l9g6yzm174vb9vhdp4m0t8040000gn/T/RtmpwQI2vM/sourceCpp-aarch64-apple-darwin20-1.0.10/sourcecpp_1079242d6d20c"


[[6]]
[[6]]$functions
[1] "llogit" "dlogit" "obj"    "grad"  

[[6]]$modules
character(0)

[[6]]$cppSourcePath
[1] "/Users/takeishi/power_d_100_lambda_1_skew/src/cppshrinkage.cpp"

[[6]]$buildDirectory
[1] "/private/var/folders/m7/l9g6yzm174vb9vhdp4m0t8040000gn/T/Rtmptkqqe5/sourceCpp-aarch64-apple-darwin20-1.0.10/sourcecpp_107944dd25997"


[[7]]
[[7]]$functions
[1] "llogit" "dlogit" "obj"    "grad"  

[[7]]$modules
character(0)

[[7]]$cppSourcePath
[1] "/Users/takeishi/power_d_100_lambda_1_skew/src/cppshrinkage.cpp"

[[7]]$buildDirectory
[1] "/private/var/folders/m7/l9g6yzm174vb9vhdp4m0t8040000gn/T/Rtmp7SajwS/sourceCpp-aarch64-apple-darwin20-1.0.10/sourcecpp_107935a79fee9"


[[8]]
[[8]]$functions
[1] "llogit" "dlogit" "obj"    "grad"  

[[8]]$modules
character(0)

[[8]]$cppSourcePath
[1] "/Users/takeishi/power_d_100_lambda_1_skew/src/cppshrinkage.cpp"

[[8]]$buildDirectory
[1] "/private/var/folders/m7/l9g6yzm174vb9vhdp4m0t8040000gn/T/Rtmp3jrFqF/sourceCpp-aarch64-apple-darwin20-1.0.10/sourcecpp_107976358943"


[[9]]
[[9]]$functions
[1] "llogit" "dlogit" "obj"    "grad"  

[[9]]$modules
character(0)

[[9]]$cppSourcePath
[1] "/Users/takeishi/power_d_100_lambda_1_skew/src/cppshrinkage.cpp"

[[9]]$buildDirectory
[1] "/private/var/folders/m7/l9g6yzm174vb9vhdp4m0t8040000gn/T/RtmplwlNfg/sourceCpp-aarch64-apple-darwin20-1.0.10/sourcecpp_10795de7946c"


[[10]]
[[10]]$functions
[1] "llogit" "dlogit" "obj"    "grad"  

[[10]]$modules
character(0)

[[10]]$cppSourcePath
[1] "/Users/takeishi/power_d_100_lambda_1_skew/src/cppshrinkage.cpp"

[[10]]$buildDirectory
[1] "/private/var/folders/m7/l9g6yzm174vb9vhdp4m0t8040000gn/T/RtmpzEZwr7/sourceCpp-aarch64-apple-darwin20-1.0.10/sourcecpp_10798306f6b7e"


[[11]]
[[11]]$functions
[1] "llogit" "dlogit" "obj"    "grad"  

[[11]]$modules
character(0)

[[11]]$cppSourcePath
[1] "/Users/takeishi/power_d_100_lambda_1_skew/src/cppshrinkage.cpp"

[[11]]$buildDirectory
[1] "/private/var/folders/m7/l9g6yzm174vb9vhdp4m0t8040000gn/T/RtmpYyn2FQ/sourceCpp-aarch64-apple-darwin20-1.0.10/sourcecpp_10796599ca33"


     power equal power SLR adj. power equal adj. power SLR
100       0.2068     0.217           0.1766          0.181
250       0.0000     0.000           0.0000          0.000
500       0.0000     0.000           0.0000          0.000
750       0.0000     0.000           0.0000          0.000
1000      0.0000     0.000           0.0000          0.000
Error in unserialize(node$con) : error reading from connection
Calls: parSapply ... FUN -> recvData -> recvData.SOCKnode -> unserialize
Execution halted
