
Attaching package: ‘lbfgs’

The following object is masked from ‘package:nloptr’:

    lbfgs

Loading required package: stats4

Attaching package: ‘sn’

The following object is masked from ‘package:stats’:

    sd

ld: warning: could not create compact unwind for ___emutls_get_address: registers 23 and 24 not saved contiguously in frame
ld: warning: could not create compact unwind for ___emutls_get_address: registers 23 and 24 not saved contiguously in frame
ld: warning: could not create compact unwind for ___emutls_get_address: registers 23 and 24 not saved contiguously in frame
ld: warning: could not create compact unwind for ___emutls_get_address: registers 23 and 24 not saved contiguously in frame
ld: warning: could not create compact unwind for ___emutls_get_address: registers 23 and 24 not saved contiguously in frame
ld: warning: could not create compact unwind for ___emutls_get_address: registers 23 and 24 not saved contiguously in frame
ld: warning: could not create compact unwind for ___emutls_get_address: registers 23 and 24 not saved contiguously in frame
ld: warning: could not create compact unwind for ___emutls_get_address: registers 23 and 24 not saved contiguously in frame
ld: warning: could not create compact unwind for ___emutls_get_address: registers 23 and 24 not saved contiguously in frame
ld: warning: could not create compact unwind for ___emutls_get_address: registers 23 and 24 not saved contiguously in frame
ld: warning: could not create compact unwind for ___emutls_get_address: registers 23 and 24 not saved contiguously in frame
ld: warning: could not create compact unwind for ___emutls_get_address: registers 23 and 24 not saved contiguously in frame
[[1]]
[[1]]$functions
[1] "llogit" "dlogit" "obj"    "grad"  

[[1]]$modules
character(0)

[[1]]$cppSourcePath
[1] "/Users/takeishi/power_d_100_lambda_1_skew/src/cppshrinkage.cpp"

[[1]]$buildDirectory
[1] "/private/var/folders/m7/l9g6yzm174vb9vhdp4m0t8040000gn/T/RtmpeXSwrq/sourceCpp-aarch64-apple-darwin20-1.0.10/sourcecpp_1292914de514d"


[[2]]
[[2]]$functions
[1] "llogit" "dlogit" "obj"    "grad"  

[[2]]$modules
character(0)

[[2]]$cppSourcePath
[1] "/Users/takeishi/power_d_100_lambda_1_skew/src/cppshrinkage.cpp"

[[2]]$buildDirectory
[1] "/private/var/folders/m7/l9g6yzm174vb9vhdp4m0t8040000gn/T/RtmpDWZ6cs/sourceCpp-aarch64-apple-darwin20-1.0.10/sourcecpp_1292663d9fdd5"


[[3]]
[[3]]$functions
[1] "llogit" "dlogit" "obj"    "grad"  

[[3]]$modules
character(0)

[[3]]$cppSourcePath
[1] "/Users/takeishi/power_d_100_lambda_1_skew/src/cppshrinkage.cpp"

[[3]]$buildDirectory
[1] "/private/var/folders/m7/l9g6yzm174vb9vhdp4m0t8040000gn/T/RtmpdoJLNE/sourceCpp-aarch64-apple-darwin20-1.0.10/sourcecpp_1292519b5bfc7"


[[4]]
[[4]]$functions
[1] "llogit" "dlogit" "obj"    "grad"  

[[4]]$modules
character(0)

[[4]]$cppSourcePath
[1] "/Users/takeishi/power_d_100_lambda_1_skew/src/cppshrinkage.cpp"

[[4]]$buildDirectory
[1] "/private/var/folders/m7/l9g6yzm174vb9vhdp4m0t8040000gn/T/RtmpxQ1etT/sourceCpp-aarch64-apple-darwin20-1.0.10/sourcecpp_129214fc81ee1"


[[5]]
[[5]]$functions
[1] "llogit" "dlogit" "obj"    "grad"  

[[5]]$modules
character(0)

[[5]]$cppSourcePath
[1] "/Users/takeishi/power_d_100_lambda_1_skew/src/cppshrinkage.cpp"

[[5]]$buildDirectory
[1] "/private/var/folders/m7/l9g6yzm174vb9vhdp4m0t8040000gn/T/RtmpqwMeoU/sourceCpp-aarch64-apple-darwin20-1.0.10/sourcecpp_1292337b0581c"


[[6]]
[[6]]$functions
[1] "llogit" "dlogit" "obj"    "grad"  

[[6]]$modules
character(0)

[[6]]$cppSourcePath
[1] "/Users/takeishi/power_d_100_lambda_1_skew/src/cppshrinkage.cpp"

[[6]]$buildDirectory
[1] "/private/var/folders/m7/l9g6yzm174vb9vhdp4m0t8040000gn/T/RtmpThf3fG/sourceCpp-aarch64-apple-darwin20-1.0.10/sourcecpp_129276343236a"


[[7]]
[[7]]$functions
[1] "llogit" "dlogit" "obj"    "grad"  

[[7]]$modules
character(0)

[[7]]$cppSourcePath
[1] "/Users/takeishi/power_d_100_lambda_1_skew/src/cppshrinkage.cpp"

[[7]]$buildDirectory
[1] "/private/var/folders/m7/l9g6yzm174vb9vhdp4m0t8040000gn/T/Rtmp5SLdow/sourceCpp-aarch64-apple-darwin20-1.0.10/sourcecpp_1292026ad438d"


[[8]]
[[8]]$functions
[1] "llogit" "dlogit" "obj"    "grad"  

[[8]]$modules
character(0)

[[8]]$cppSourcePath
[1] "/Users/takeishi/power_d_100_lambda_1_skew/src/cppshrinkage.cpp"

[[8]]$buildDirectory
[1] "/private/var/folders/m7/l9g6yzm174vb9vhdp4m0t8040000gn/T/RtmpKTXDu5/sourceCpp-aarch64-apple-darwin20-1.0.10/sourcecpp_12922a1cabee"


[[9]]
[[9]]$functions
[1] "llogit" "dlogit" "obj"    "grad"  

[[9]]$modules
character(0)

[[9]]$cppSourcePath
[1] "/Users/takeishi/power_d_100_lambda_1_skew/src/cppshrinkage.cpp"

[[9]]$buildDirectory
[1] "/private/var/folders/m7/l9g6yzm174vb9vhdp4m0t8040000gn/T/RtmpAGClwe/sourceCpp-aarch64-apple-darwin20-1.0.10/sourcecpp_129247439352a"


[[10]]
[[10]]$functions
[1] "llogit" "dlogit" "obj"    "grad"  

[[10]]$modules
character(0)

[[10]]$cppSourcePath
[1] "/Users/takeishi/power_d_100_lambda_1_skew/src/cppshrinkage.cpp"

[[10]]$buildDirectory
[1] "/private/var/folders/m7/l9g6yzm174vb9vhdp4m0t8040000gn/T/RtmpRlc7qQ/sourceCpp-aarch64-apple-darwin20-1.0.10/sourcecpp_129285db92408"


[[11]]
[[11]]$functions
[1] "llogit" "dlogit" "obj"    "grad"  

[[11]]$modules
character(0)

[[11]]$cppSourcePath
[1] "/Users/takeishi/power_d_100_lambda_1_skew/src/cppshrinkage.cpp"

[[11]]$buildDirectory
[1] "/private/var/folders/m7/l9g6yzm174vb9vhdp4m0t8040000gn/T/Rtmpc6FKFS/sourceCpp-aarch64-apple-darwin20-1.0.10/sourcecpp_1292a55d15146"


     power equal power SLR adj. power equal adj. power SLR
100       0.0000    0.0000           0.0000         0.0000
250       0.3562    0.4022           0.3414         0.3506
500       0.0000    0.0000           0.0000         0.0000
750       0.0000    0.0000           0.0000         0.0000
1000      0.0000    0.0000           0.0000         0.0000
     power equal power SLR adj. power equal adj. power SLR
100       0.0000    0.0000           0.0000         0.0000
250       0.3562    0.4022           0.3414         0.3506
500       0.5566    0.6116           0.5450         0.5720
750       0.0000    0.0000           0.0000         0.0000
1000      0.0000    0.0000           0.0000         0.0000
Error: vector memory exhausted (limit reached?)
Execution halted
