
Attaching package: ‘lbfgs’

The following object is masked from ‘package:nloptr’:

    lbfgs

ld: warning: could not create compact unwind for ___emutls_get_address: registers 23 and 24 not saved contiguously in frame
ld: warning: could not create compact unwind for ___emutls_get_address: registers 23 and 24 not saved contiguously in frame
ld: warning: could not create compact unwind for ___emutls_get_address: registers 23 and 24 not saved contiguously in frame
ld: warning: could not create compact unwind for ___emutls_get_address: registers 23 and 24 not saved contiguously in frame
ld: warning: could not create compact unwind for ___emutls_get_address: registers 23 and 24 not saved contiguously in frame
ld: warning: could not create compact unwind for ___emutls_get_address: registers 23 and 24 not saved contiguously in frame
ld: warning: could not create compact unwind for ___emutls_get_address: registers 23 and 24 not saved contiguously in frame
ld: warning: could not create compact unwind for ___emutls_get_address: registers 23 and 24 not saved contiguously in frame
ld: warning: could not create compact unwind for ___emutls_get_address: registers 23 and 24 not saved contiguously in frame
ld: warning: could not create compact unwind for ___emutls_get_address: registers 23 and 24 not saved contiguously in frame
ld: warning: could not create compact unwind for ___emutls_get_address: registers 23 and 24 not saved contiguously in frame
ld: warning: could not create compact unwind for ___emutls_get_address: registers 23 and 24 not saved contiguously in frame
[[1]]
[[1]]$functions
[1] "llogit" "dlogit" "obj"    "grad"  

[[1]]$modules
character(0)

[[1]]$cppSourcePath
[1] "/Users/takeishi/power_d_100_lambda_1_rademacher/src/cppshrinkage.cpp"

[[1]]$buildDirectory
[1] "/private/var/folders/m7/l9g6yzm174vb9vhdp4m0t8040000gn/T/RtmpO1A0x4/sourceCpp-aarch64-apple-darwin20-1.0.10/sourcecpp_859d1b709167"


[[2]]
[[2]]$functions
[1] "llogit" "dlogit" "obj"    "grad"  

[[2]]$modules
character(0)

[[2]]$cppSourcePath
[1] "/Users/takeishi/power_d_100_lambda_1_rademacher/src/cppshrinkage.cpp"

[[2]]$buildDirectory
[1] "/private/var/folders/m7/l9g6yzm174vb9vhdp4m0t8040000gn/T/Rtmp1xyQ1l/sourceCpp-aarch64-apple-darwin20-1.0.10/sourcecpp_85a412a5398c"


[[3]]
[[3]]$functions
[1] "llogit" "dlogit" "obj"    "grad"  

[[3]]$modules
character(0)

[[3]]$cppSourcePath
[1] "/Users/takeishi/power_d_100_lambda_1_rademacher/src/cppshrinkage.cpp"

[[3]]$buildDirectory
[1] "/private/var/folders/m7/l9g6yzm174vb9vhdp4m0t8040000gn/T/RtmpNE0zkB/sourceCpp-aarch64-apple-darwin20-1.0.10/sourcecpp_859c618e2351"


[[4]]
[[4]]$functions
[1] "llogit" "dlogit" "obj"    "grad"  

[[4]]$modules
character(0)

[[4]]$cppSourcePath
[1] "/Users/takeishi/power_d_100_lambda_1_rademacher/src/cppshrinkage.cpp"

[[4]]$buildDirectory
[1] "/private/var/folders/m7/l9g6yzm174vb9vhdp4m0t8040000gn/T/RtmpCjcLrf/sourceCpp-aarch64-apple-darwin20-1.0.10/sourcecpp_85a161a285b6"


[[5]]
[[5]]$functions
[1] "llogit" "dlogit" "obj"    "grad"  

[[5]]$modules
character(0)

[[5]]$cppSourcePath
[1] "/Users/takeishi/power_d_100_lambda_1_rademacher/src/cppshrinkage.cpp"

[[5]]$buildDirectory
[1] "/private/var/folders/m7/l9g6yzm174vb9vhdp4m0t8040000gn/T/Rtmp3gxnfx/sourceCpp-aarch64-apple-darwin20-1.0.10/sourcecpp_859b32c643c5"


[[6]]
[[6]]$functions
[1] "llogit" "dlogit" "obj"    "grad"  

[[6]]$modules
character(0)

[[6]]$cppSourcePath
[1] "/Users/takeishi/power_d_100_lambda_1_rademacher/src/cppshrinkage.cpp"

[[6]]$buildDirectory
[1] "/private/var/folders/m7/l9g6yzm174vb9vhdp4m0t8040000gn/T/RtmpV1zwEc/sourceCpp-aarch64-apple-darwin20-1.0.10/sourcecpp_859f71137f4"


[[7]]
[[7]]$functions
[1] "llogit" "dlogit" "obj"    "grad"  

[[7]]$modules
character(0)

[[7]]$cppSourcePath
[1] "/Users/takeishi/power_d_100_lambda_1_rademacher/src/cppshrinkage.cpp"

[[7]]$buildDirectory
[1] "/private/var/folders/m7/l9g6yzm174vb9vhdp4m0t8040000gn/T/RtmpzKX257/sourceCpp-aarch64-apple-darwin20-1.0.10/sourcecpp_85a0d8c94ce"


[[8]]
[[8]]$functions
[1] "llogit" "dlogit" "obj"    "grad"  

[[8]]$modules
character(0)

[[8]]$cppSourcePath
[1] "/Users/takeishi/power_d_100_lambda_1_rademacher/src/cppshrinkage.cpp"

[[8]]$buildDirectory
[1] "/private/var/folders/m7/l9g6yzm174vb9vhdp4m0t8040000gn/T/RtmprMiRa2/sourceCpp-aarch64-apple-darwin20-1.0.10/sourcecpp_85a244454c13"


[[9]]
[[9]]$functions
[1] "llogit" "dlogit" "obj"    "grad"  

[[9]]$modules
character(0)

[[9]]$cppSourcePath
[1] "/Users/takeishi/power_d_100_lambda_1_rademacher/src/cppshrinkage.cpp"

[[9]]$buildDirectory
[1] "/private/var/folders/m7/l9g6yzm174vb9vhdp4m0t8040000gn/T/Rtmp5XCKMi/sourceCpp-aarch64-apple-darwin20-1.0.10/sourcecpp_859a535b0c97"


[[10]]
[[10]]$functions
[1] "llogit" "dlogit" "obj"    "grad"  

[[10]]$modules
character(0)

[[10]]$cppSourcePath
[1] "/Users/takeishi/power_d_100_lambda_1_rademacher/src/cppshrinkage.cpp"

[[10]]$buildDirectory
[1] "/private/var/folders/m7/l9g6yzm174vb9vhdp4m0t8040000gn/T/Rtmp2uKWdJ/sourceCpp-aarch64-apple-darwin20-1.0.10/sourcecpp_859e17ad90b9"


[[11]]
[[11]]$functions
[1] "llogit" "dlogit" "obj"    "grad"  

[[11]]$modules
character(0)

[[11]]$cppSourcePath
[1] "/Users/takeishi/power_d_100_lambda_1_rademacher/src/cppshrinkage.cpp"

[[11]]$buildDirectory
[1] "/private/var/folders/m7/l9g6yzm174vb9vhdp4m0t8040000gn/T/RtmpkXCwOM/sourceCpp-aarch64-apple-darwin20-1.0.10/sourcecpp_85a338094cef"


     power equal power SLR adj. power equal adj. power SLR
100       0.0000    0.0000           0.0000         0.0000
250       0.0000    0.0000           0.0000         0.0000
500       0.5558    0.6084           0.5508         0.5838
750       0.0000    0.0000           0.0000         0.0000
1000      0.0000    0.0000           0.0000         0.0000
     power equal power SLR adj. power equal adj. power SLR
100       0.0000    0.0000           0.0000         0.0000
250       0.0000    0.0000           0.0000         0.0000
500       0.5558    0.6084           0.5508         0.5838
750       0.7004    0.7396           0.6898         0.7202
1000      0.0000    0.0000           0.0000         0.0000
     power equal power SLR adj. power equal adj. power SLR
100       0.0000    0.0000           0.0000         0.0000
250       0.0000    0.0000           0.0000         0.0000
500       0.5558    0.6084           0.5508         0.5838
750       0.7004    0.7396           0.6898         0.7202
1000      0.8160    0.8338           0.8068         0.8274
     power equal power SLR adj. power equal adj. power SLR
100       0.0000    0.0000           0.0000         0.0000
250       0.0000    0.0000           0.0000         0.0000
500       0.5558    0.6084           0.5508         0.5838
750       0.7004    0.7396           0.6898         0.7202
1000      0.8160    0.8338           0.8068         0.8274
> proc.time()
     user    system   elapsed 
  112.828    59.336 20109.631 
